favourites/build/intermediates/manifest_merge_blame_file/release/manifest-merger-blame-release-report.txt
1<?xml version="1.0" encoding="utf-8"?>
2<manifest xmlns:android="http://schemas.android.com/apk/res/android"
3    xmlns:dist="http://schemas.android.com/apk/distribution"
4    featureSplit="favourites"
5    package="com.ata.appbundle"
6    android:versionCode="1"
7    android:versionName="1.0" >
8
9    <uses-sdk
10        android:minSdkVersion="15"
10-->src\main\AndroidManifest.xml
11        android:targetSdkVersion="29" />
11-->src\main\AndroidManifest.xml
12
13    <dist:module
13-->src\main\AndroidManifest.xml:5:5-12:19
14        dist:instant="false"
14-->src\main\AndroidManifest.xml:6:9-29
15        dist:title="@string/title_favourites" >
15-->src\main\AndroidManifest.xml:7:9-46
16        <dist:delivery>
16-->src\main\AndroidManifest.xml:8:9-10:25
17            <dist:install-time />
17-->src\main\AndroidManifest.xml:9:13-34
18        </dist:delivery>
19
20        <dist:fusing dist:include="true" />
20-->src\main\AndroidManifest.xml:11:9-44
20-->src\main\AndroidManifest.xml:11:22-41
21    </dist:module>
22
23    <application>
23-->src\main\AndroidManifest.xml:14:5-23:19
24        <activity android:name="com.ata.appbundle.favourites.FavouriteActivity" >
24-->src\main\AndroidManifest.xml:15:9-22:20
24-->src\main\AndroidManifest.xml:15:19-52
25            <intent-filter>
25-->src\main\AndroidManifest.xml:16:13-21:29
26                <action android:name="android.intent.action.VIEW" />
26-->src\main\AndroidManifest.xml:17:17-68
26-->src\main\AndroidManifest.xml:17:25-66
27
28                <category android:name="android.intent.category.DEFAULT" />
28-->src\main\AndroidManifest.xml:18:17-75
28-->src\main\AndroidManifest.xml:18:27-73
29
30                <data
30-->src\main\AndroidManifest.xml:19:17-20:48
31                    android:host="favourites"
31-->src\main\AndroidManifest.xml:20:21-46
32                    android:scheme="appbundle" />
32-->src\main\AndroidManifest.xml:19:23-49
33            </intent-filter>
34        </activity>
35    </application>
36
37</manifest>